[2020-05-14 14:53:32.311] [exthost] [info] extension host started
[2020-05-14 14:53:32.400] [exthost] [info] ExtensionService#_doActivateExtension vscode.configuration-editing {"startup":false,"extensionId":{"value":"vscode.configuration-editing","_lower":"vscode.configuration-editing"},"activationEvent":"onLanguage:json"}
[2020-05-14 14:53:32.400] [exthost] [info] ExtensionService#loadCommonJSModule file:///home/n20030/.vscode-server/bin/a9f8623ec050e5f0b44cc8ce8204a1455884749f/extensions/configuration-editing/dist/extension
[2020-05-14 14:53:32.415] [exthost] [info] ExtensionService#_doActivateExtension vscode.extension-editing {"startup":false,"extensionId":{"value":"vscode.extension-editing","_lower":"vscode.extension-editing"},"activationEvent":"onLanguage:json"}
[2020-05-14 14:53:32.415] [exthost] [info] ExtensionService#loadCommonJSModule file:///home/n20030/.vscode-server/bin/a9f8623ec050e5f0b44cc8ce8204a1455884749f/extensions/extension-editing/dist/extension
[2020-05-14 14:53:32.435] [exthost] [info] ExtensionService#_doActivateExtension vscode.json-language-features {"startup":false,"extensionId":{"value":"vscode.json-language-features","_lower":"vscode.json-language-features"},"activationEvent":"onLanguage:json"}
[2020-05-14 14:53:32.436] [exthost] [info] ExtensionService#loadCommonJSModule file:///home/n20030/.vscode-server/bin/a9f8623ec050e5f0b44cc8ce8204a1455884749f/extensions/json-language-features/client/dist/jsonMain
[2020-05-14 14:53:32.501] [exthost] [info] ExtensionService#_doActivateExtension vscode.npm {"startup":false,"extensionId":{"value":"vscode.npm","_lower":"vscode.npm"},"activationEvent":"onLanguage:json"}
[2020-05-14 14:53:32.501] [exthost] [info] ExtensionService#loadCommonJSModule file:///home/n20030/.vscode-server/bin/a9f8623ec050e5f0b44cc8ce8204a1455884749f/extensions/npm/dist/main
[2020-05-14 14:53:32.524] [exthost] [info] ExtensionService#_doActivateExtension vscode.debug-auto-launch {"startup":true,"extensionId":{"value":"vscode.debug-auto-launch","_lower":"vscode.debug-auto-launch"},"activationEvent":"*"}
[2020-05-14 14:53:32.525] [exthost] [info] ExtensionService#loadCommonJSModule file:///home/n20030/.vscode-server/bin/a9f8623ec050e5f0b44cc8ce8204a1455884749f/extensions/debug-auto-launch/dist/extension
[2020-05-14 14:53:32.532] [exthost] [info] ExtensionService#_doActivateExtension vscode.emmet {"startup":true,"extensionId":{"value":"vscode.emmet","_lower":"vscode.emmet"},"activationEvent":"*"}
[2020-05-14 14:53:32.532] [exthost] [info] ExtensionService#loadCommonJSModule file:///home/n20030/.vscode-server/bin/a9f8623ec050e5f0b44cc8ce8204a1455884749f/extensions/emmet/dist/extension
[2020-05-14 14:53:32.585] [exthost] [info] ExtensionService#_doActivateExtension vscode.git {"startup":true,"extensionId":{"value":"vscode.git","_lower":"vscode.git"},"activationEvent":"*"}
[2020-05-14 14:53:32.585] [exthost] [info] ExtensionService#loadCommonJSModule file:///home/n20030/.vscode-server/bin/a9f8623ec050e5f0b44cc8ce8204a1455884749f/extensions/git/dist/main
[2020-05-14 14:53:32.670] [exthost] [info] ExtensionService#_doActivateExtension vscode.github-authentication {"startup":true,"extensionId":{"value":"vscode.github-authentication","_lower":"vscode.github-authentication"},"activationEvent":"*"}
[2020-05-14 14:53:32.670] [exthost] [info] ExtensionService#loadCommonJSModule file:///home/n20030/.vscode-server/bin/a9f8623ec050e5f0b44cc8ce8204a1455884749f/extensions/github-authentication/dist/extension.js
[2020-05-14 14:53:32.682] [exthost] [info] ExtensionService#_doActivateExtension vscode.merge-conflict {"startup":true,"extensionId":{"value":"vscode.merge-conflict","_lower":"vscode.merge-conflict"},"activationEvent":"*"}
[2020-05-14 14:53:32.682] [exthost] [info] ExtensionService#loadCommonJSModule file:///home/n20030/.vscode-server/bin/a9f8623ec050e5f0b44cc8ce8204a1455884749f/extensions/merge-conflict/dist/extension
[2020-05-14 14:53:32.691] [exthost] [info] ExtensionService#_doActivateExtension vscode.search-result {"startup":true,"extensionId":{"value":"vscode.search-result","_lower":"vscode.search-result"},"activationEvent":"*"}
[2020-05-14 14:53:32.691] [exthost] [info] ExtensionService#loadCommonJSModule file:///home/n20030/.vscode-server/bin/a9f8623ec050e5f0b44cc8ce8204a1455884749f/extensions/search-result/dist/extension.js
[2020-05-14 14:53:32.694] [exthost] [info] ExtensionService#_doActivateExtension vscode.vscode-account {"startup":true,"extensionId":{"value":"vscode.vscode-account","_lower":"vscode.vscode-account"},"activationEvent":"*"}
[2020-05-14 14:53:32.694] [exthost] [info] ExtensionService#loadCommonJSModule file:///home/n20030/.vscode-server/bin/a9f8623ec050e5f0b44cc8ce8204a1455884749f/extensions/vscode-account/dist/extension.js
[2020-05-14 14:53:32.748] [exthost] [info] eager extensions activated
